Performing C SOURCE FILE Test CMAKE_HAVE_LIBC_PTHREAD failed with the following output:
Change Dir: /home/paro/Pulpit/paro-master/Build/CMakeFiles/CMakeTmp

Run Build Command(s):/usr/bin/gmake cmTC_4000f/fast && /usr/bin/gmake -f CMakeFiles/cmTC_4000f.dir/build.make CMakeFiles/cmTC_4000f.dir/build
gmake[1]: Wejście do katalogu '/home/paro/Pulpit/paro-master/Build/CMakeFiles/CMakeTmp'
Building C object CMakeFiles/cmTC_4000f.dir/src.c.o
/usr/bin/cc   -DCMAKE_HAVE_LIBC_PTHREAD   -o CMakeFiles/cmTC_4000f.dir/src.c.o   -c /home/paro/Pulpit/paro-master/Build/CMakeFiles/CMakeTmp/src.c
Linking C executable cmTC_4000f
/usr/bin/cmake -E cmake_link_script CMakeFiles/cmTC_4000f.dir/link.txt --verbose=1
/usr/bin/cc  -DCMAKE_HAVE_LIBC_PTHREAD    -rdynamic CMakeFiles/cmTC_4000f.dir/src.c.o  -o cmTC_4000f 
/usr/bin/ld: CMakeFiles/cmTC_4000f.dir/src.c.o: in function `main':
src.c:(.text+0x46): undefined reference to `pthread_create'
/usr/bin/ld: src.c:(.text+0x52): undefined reference to `pthread_detach'
/usr/bin/ld: src.c:(.text+0x63): undefined reference to `pthread_join'
collect2: error: ld returned 1 exit status
gmake[1]: *** [CMakeFiles/cmTC_4000f.dir/build.make:87: cmTC_4000f] Błąd 1
gmake[1]: Opuszczenie katalogu '/home/paro/Pulpit/paro-master/Build/CMakeFiles/CMakeTmp'
gmake: *** [Makefile:121: cmTC_4000f/fast] Błąd 2


Source file was:
#include <pthread.h>

void* test_func(void* data)
{
  return data;
}

int main(void)
{
  pthread_t thread;
  pthread_create(&thread, NULL, test_func, NULL);
  pthread_detach(thread);
  pthread_join(thread, NULL);
  pthread_atfork(NULL, NULL, NULL);
  pthread_exit(NULL);

  return 0;
}

Determining if the function pthread_create exists in the pthreads failed with the following output:
Change Dir: /home/paro/Pulpit/paro-master/Build/CMakeFiles/CMakeTmp

Run Build Command(s):/usr/bin/gmake cmTC_62b49/fast && /usr/bin/gmake -f CMakeFiles/cmTC_62b49.dir/build.make CMakeFiles/cmTC_62b49.dir/build
gmake[1]: Wejście do katalogu '/home/paro/Pulpit/paro-master/Build/CMakeFiles/CMakeTmp'
Building C object CMakeFiles/cmTC_62b49.dir/CheckFunctionExists.c.o
/usr/bin/cc   -DCHECK_FUNCTION_EXISTS=pthread_create   -o CMakeFiles/cmTC_62b49.dir/CheckFunctionExists.c.o   -c /usr/share/cmake-3.16/Modules/CheckFunctionExists.c
Linking C executable cmTC_62b49
/usr/bin/cmake -E cmake_link_script CMakeFiles/cmTC_62b49.dir/link.txt --verbose=1
/usr/bin/cc  -DCHECK_FUNCTION_EXISTS=pthread_create    -rdynamic CMakeFiles/cmTC_62b49.dir/CheckFunctionExists.c.o  -o cmTC_62b49  -lpthreads 
/usr/bin/ld: cannot find -lpthreads
collect2: error: ld returned 1 exit status
gmake[1]: *** [CMakeFiles/cmTC_62b49.dir/build.make:87: cmTC_62b49] Błąd 1
gmake[1]: Opuszczenie katalogu '/home/paro/Pulpit/paro-master/Build/CMakeFiles/CMakeTmp'
gmake: *** [Makefile:121: cmTC_62b49/fast] Błąd 2



